[debug] [2021-04-08T06:47:10.391Z] ----------------------------------------------------------------------
[debug] [2021-04-08T06:47:10.393Z] Command:       C:\Program Files\nodejs\node.exe C:\Users\Omen\AppData\Roaming\npm\node_modules\firebase-tools\lib\bin\firebase.js deploy --only hosting
[debug] [2021-04-08T06:47:10.393Z] CLI Version:   8.6.0
[debug] [2021-04-08T06:47:10.393Z] Platform:      win32
[debug] [2021-04-08T06:47:10.393Z] Node Version:  v10.16.0
[debug] [2021-04-08T06:47:10.394Z] Time:          Thu Apr 08 2021 12:17:10 GMT+0530 (India Standard Time)
[debug] [2021-04-08T06:47:10.394Z] ----------------------------------------------------------------------
[debug] [2021-04-08T06:47:10.394Z] 
[debug] [2021-04-08T06:47:10.403Z] > command requires scopes: ["email","openid","https://www.googleapis.com/auth/cloudplatformprojects.readonly","https://www.googleapis.com/auth/firebase","https://www.googleapis.com/auth/cloud-platform"]
[debug] [2021-04-08T06:47:10.403Z] > authorizing via signed-in user
[debug] [2021-04-08T06:47:10.403Z] [iam] checking project cipla-impact for permissions ["firebase.projects.get","firebasehosting.sites.update"]
[debug] [2021-04-08T06:47:10.406Z] > refreshing access token with scopes: ["email","https://www.googleapis.com/auth/cloud-platform","https://www.googleapis.com/auth/cloudplatformprojects.readonly","https://www.googleapis.com/auth/firebase","openid"]
[debug] [2021-04-08T06:47:10.406Z] >>> HTTP REQUEST POST https://www.googleapis.com/oauth2/v3/token  
 <request body omitted>
[debug] [2021-04-08T06:47:10.629Z] <<< HTTP RESPONSE 200 {"cache-control":"no-cache, no-store, max-age=0, must-revalidate","date":"Thu, 08 Apr 2021 06:47:12 GMT","pragma":"no-cache","expires":"Mon, 01 Jan 1990 00:00:00 GMT","content-type":"application/json; charset=utf-8","vary":"X-Origin, Referer, Origin,Accept-Encoding","server":"scaffolding on HTTPServer2","x-xss-protection":"0","x-frame-options":"SAMEORIGIN","x-content-type-options":"nosniff","alt-svc":"h3-29=\":443\"; ma=2592000,h3-T051=\":443\"; ma=2592000,h3-Q050=\":443\"; ma=2592000,h3-Q046=\":443\"; ma=2592000,h3-Q043=\":443\"; ma=2592000,quic=\":443\"; ma=2592000; v=\"46,43\"","accept-ranges":"none","transfer-encoding":"chunked"}
[debug] [2021-04-08T06:47:10.646Z] >>> HTTP REQUEST POST https://cloudresourcemanager.googleapis.com/v1/projects/cipla-impact:testIamPermissions  
 {"permissions":["firebase.projects.get","firebasehosting.sites.update"]}
[debug] [2021-04-08T06:47:12.221Z] <<< HTTP RESPONSE 200 {"content-type":"application/json; charset=UTF-8","vary":"X-Origin, Referer, Origin,Accept-Encoding","date":"Thu, 08 Apr 2021 06:47:14 GMT","server":"ESF","cache-control":"private","x-xss-protection":"0","x-frame-options":"SAMEORIGIN","x-content-type-options":"nosniff","server-timing":"gfet4t7; dur=1393","alt-svc":"h3-29=\":443\"; ma=2592000,h3-T051=\":443\"; ma=2592000,h3-Q050=\":443\"; ma=2592000,h3-Q046=\":443\"; ma=2592000,h3-Q043=\":443\"; ma=2592000,quic=\":443\"; ma=2592000; v=\"46,43\"","accept-ranges":"none","transfer-encoding":"chunked"}
[debug] [2021-04-08T06:47:12.223Z] >>> HTTP REQUEST GET https://firebase.googleapis.com/v1beta1/projects/cipla-impact  
 
[debug] [2021-04-08T06:47:12.550Z] <<< HTTP RESPONSE 200 {"content-type":"application/json; charset=UTF-8","vary":"X-Origin, Referer, Origin,Accept-Encoding","date":"Thu, 08 Apr 2021 06:47:14 GMT","server":"ESF","cache-control":"private","x-xss-protection":"0","x-frame-options":"SAMEORIGIN","x-content-type-options":"nosniff","alt-svc":"h3-29=\":443\"; ma=2592000,h3-T051=\":443\"; ma=2592000,h3-Q050=\":443\"; ma=2592000,h3-Q046=\":443\"; ma=2592000,h3-Q043=\":443\"; ma=2592000,quic=\":443\"; ma=2592000; v=\"46,43\"","accept-ranges":"none","transfer-encoding":"chunked"}
[info] 
[info] === Deploying to 'cipla-impact'...
[info] 
[info] i  deploying hosting 
[debug] [2021-04-08T06:47:12.557Z] >>> HTTP REQUEST POST https://firebasehosting.googleapis.com/v1beta1/sites/cipla-impact/versions  
 {"config":{"rewrites":[{"glob":"/accounts","function":"accounts"},{"glob":"**","path":"/index.html"}]},"labels":{"deployment-tool":"cli-firebase"}}
[debug] [2021-04-08T06:47:14.531Z] <<< HTTP RESPONSE 200 {"content-type":"application/json; charset=UTF-8","vary":"X-Origin, Referer, Origin,Accept-Encoding","date":"Thu, 08 Apr 2021 06:47:16 GMT","server":"ESF","cache-control":"private","x-xss-protection":"0","x-frame-options":"SAMEORIGIN","x-content-type-options":"nosniff","alt-svc":"h3-29=\":443\"; ma=2592000,h3-T051=\":443\"; ma=2592000,h3-Q050=\":443\"; ma=2592000,h3-Q046=\":443\"; ma=2592000,h3-Q043=\":443\"; ma=2592000,quic=\":443\"; ma=2592000; v=\"46,43\"","accept-ranges":"none","transfer-encoding":"chunked"}
[info] i  hosting[cipla-impact]: beginning deploy... 
[info] i  hosting[cipla-impact]: found 141 files in build 
[debug] [2021-04-08T06:47:15.418Z] [hosting] hash cache [YnVpbGQ] stored for 141 files
[debug] [2021-04-08T06:47:15.418Z] [hosting][hash queue][FINAL] {"max":824,"min":1,"avg":31.933264349467454,"active":0,"complete":141,"success":141,"errored":0,"retried":0,"total":141,"elapsed":842}
[debug] [2021-04-08T06:47:15.418Z] >>> HTTP REQUEST POST https://firebasehosting.googleapis.com/v1beta1/sites/cipla-impact/versions/0bed55372aad297b:populateFiles  
 <request body omitted>
[debug] [2021-04-08T06:47:17.301Z] <<< HTTP RESPONSE 200 {"content-type":"application/json; charset=UTF-8","vary":"X-Origin, Referer, Origin,Accept-Encoding","date":"Thu, 08 Apr 2021 06:47:19 GMT","server":"ESF","cache-control":"private","x-xss-protection":"0","x-frame-options":"SAMEORIGIN","x-content-type-options":"nosniff","alt-svc":"h3-29=\":443\"; ma=2592000,h3-T051=\":443\"; ma=2592000,h3-Q050=\":443\"; ma=2592000,h3-Q046=\":443\"; ma=2592000,h3-Q043=\":443\"; ma=2592000,quic=\":443\"; ma=2592000; v=\"46,43\"","accept-ranges":"none","transfer-encoding":"chunked"}
[debug] [2021-04-08T06:47:17.330Z] [hosting][populate queue][FINAL] {"max":1887,"min":1887,"avg":1887,"active":0,"complete":1,"success":1,"errored":0,"retried":0,"total":1,"elapsed":1913}
[debug] [2021-04-08T06:47:17.330Z] [hosting] uploads queued: 49
